<?xml version="1.0" encoding="UTF-8"?>
<!-- Generated by org.testng.reporters.JUnitReportReporter -->
<testsuite skipped="0" hostname="akash-Vostro-3480" name="com.crm.qa.testcases.LoginPageTest" tests="1" failures="0" timestamp="2020-06-07T09:07:27 IST" time="11.075" errors="0">
  <testcase name="loginPageTitleTest" time="11.075" classname="com.crm.qa.testcases.LoginPageTest"/>
  <system-out/>
</testsuite> <!-- com.crm.qa.testcases.LoginPageTest -->
