<?xml version="1.0" encoding="UTF-8"?>
<!-- Generated by org.testng.reporters.JUnitReportReporter -->
<testsuite skipped="0" hostname="akash-Vostro-3480" name="com.crm.qa.testcases.HomePageTest" tests="3" failures="0" timestamp="2020-06-07T08:40:17 IST" time="48.617" errors="0">
  <testcase name="verifyHomePageTitleTest" time="16.118" classname="com.crm.qa.testcases.HomePageTest"/>
  <system-out/>
  <testcase name="verifyUserNameTest" time="15.979" classname="com.crm.qa.testcases.HomePageTest"/>
  <system-out/>
  <testcase name="verifyContactsLinkTest" time="16.520" classname="com.crm.qa.testcases.HomePageTest"/>
  <system-out/>
</testsuite> <!-- com.crm.qa.testcases.HomePageTest -->
